<?xml version="1.0" encoding="UTF-8"?>
<!-- Generated by org.testng.reporters.JUnitReportReporter -->
<testsuite hostname="DESKTOP-G57CLC5" failures="0" tests="1" name="AutomationTestStore.MyTestCasses" time="1.542" errors="0" timestamp="2025-07-04T14:44:28 AST" skipped="0">
  <testcase classname="AutomationTestStore.MyTestCasses" name="FirstTist" time="1.542"/>
</testsuite> <!-- AutomationTestStore.MyTestCasses -->
