<?xml version="1.0" encoding="UTF-8"?>
<!-- Generated by org.testng.reporters.JUnitReportReporter -->
<testsuite hostname="DESKTOP-G57CLC5" failures="0" tests="1" name="AutomationTestStore.MyTestCasses" time="0.884" errors="0" timestamp="2025-07-01T13:14:29 AST" skipped="0">
  <testcase classname="AutomationTestStore.MyTestCasses" name="FirstTist" time="0.884"/>
</testsuite> <!-- AutomationTestStore.MyTestCasses -->
