<?xml version="1.0" encoding="UTF-8"?>
<!-- Generated by org.testng.reporters.JUnitReportReporter -->
<testsuite hostname="DESKTOP-G57CLC5" failures="0" tests="4" name="AutomationTestStore.MyTestCasses" time="31.898" errors="0" timestamp="2025-07-11T18:19:55 AST" skipped="0">
  <testcase classname="AutomationTestStore.MyTestCasses" name="FirstTist" time="8.868"/>
  <testcase classname="AutomationTestStore.MyTestCasses" name="logOut" time="5.078"/>
  <testcase classname="AutomationTestStore.MyTestCasses" name="logIn" time="1.190"/>
  <testcase classname="AutomationTestStore.MyTestCasses" name="cart" time="16.762"/>
</testsuite> <!-- AutomationTestStore.MyTestCasses -->
